2025-04-07 09:49:09,220 INFO o.a.j.u.JMeterUtils: Setting Locale to en_EN
2025-04-07 09:49:09,273 INFO o.a.j.JMeter: Loading user properties from: /workspaces/Proiect-Production-Engineering/apache-jmeter-5.6.3/bin/user.properties
2025-04-07 09:49:09,274 INFO o.a.j.JMeter: Loading system properties from: /workspaces/Proiect-Production-Engineering/apache-jmeter-5.6.3/bin/system.properties
2025-04-07 09:49:09,285 INFO o.a.j.JMeter: Copyright (c) 1998-2024 The Apache Software Foundation
2025-04-07 09:49:09,286 INFO o.a.j.JMeter: Version 5.6.3
2025-04-07 09:49:09,286 INFO o.a.j.JMeter: java.version=21.0.6
2025-04-07 09:49:09,286 INFO o.a.j.JMeter: java.vm.name=OpenJDK 64-Bit Server VM
2025-04-07 09:49:09,286 INFO o.a.j.JMeter: os.name=Linux
2025-04-07 09:49:09,287 INFO o.a.j.JMeter: os.arch=amd64
2025-04-07 09:49:09,287 INFO o.a.j.JMeter: os.version=6.8.0-1021-azure
2025-04-07 09:49:09,287 INFO o.a.j.JMeter: file.encoding=UTF-8
2025-04-07 09:49:09,287 INFO o.a.j.JMeter: java.awt.headless=true
2025-04-07 09:49:09,288 INFO o.a.j.JMeter: Max memory     =1073741824
2025-04-07 09:49:09,288 INFO o.a.j.JMeter: Available Processors =2
2025-04-07 09:49:09,323 INFO o.a.j.JMeter: Default Locale=English (EN)
2025-04-07 09:49:09,326 INFO o.a.j.JMeter: JMeter  Locale=English (EN)
2025-04-07 09:49:09,329 INFO o.a.j.JMeter: JMeterHome=/workspaces/Proiect-Production-Engineering/apache-jmeter-5.6.3
2025-04-07 09:49:09,329 INFO o.a.j.JMeter: user.dir  =/workspaces/Proiect-Production-Engineering
2025-04-07 09:49:09,329 INFO o.a.j.JMeter: PWD       =/workspaces/Proiect-Production-Engineering
2025-04-07 09:49:09,330 INFO o.a.j.JMeter: IP: 127.0.0.1 Name: codespaces-f2dfb7 FullName: localhost
2025-04-07 09:49:09,380 INFO o.a.j.JMeter: Setting property 'jmeter.reportgenerator.outputdir' to:'/workspaces/Proiect-Production-Engineering/performance/jmeter/report'
2025-04-07 09:49:09,383 INFO o.a.j.s.FileServer: Default base='/workspaces/Proiect-Production-Engineering'
2025-04-07 09:49:09,385 INFO o.a.j.s.FileServer: Set new base='/workspaces/Proiect-Production-Engineering/performance/jmeter'
2025-04-07 09:49:09,816 INFO o.a.j.s.SaveService: Testplan (JMX) version: 2.2. Testlog (JTL) version: 2.2
2025-04-07 09:49:09,868 INFO o.a.j.s.SaveService: Using SaveService properties version 5.0
2025-04-07 09:49:09,873 INFO o.a.j.s.SaveService: Using SaveService properties file encoding UTF-8
2025-04-07 09:49:09,880 INFO o.a.j.s.SaveService: Loading file: performance/jmeter/user-performance-test.jmx
2025-04-07 09:49:09,956 INFO o.a.j.p.h.s.HTTPSamplerBase: Parser for text/html is org.apache.jmeter.protocol.http.parser.LagartoBasedHtmlParser
2025-04-07 09:49:09,956 INFO o.a.j.p.h.s.HTTPSamplerBase: Parser for application/xhtml+xml is org.apache.jmeter.protocol.http.parser.LagartoBasedHtmlParser
2025-04-07 09:49:09,956 INFO o.a.j.p.h.s.HTTPSamplerBase: Parser for application/xml is org.apache.jmeter.protocol.http.parser.LagartoBasedHtmlParser
2025-04-07 09:49:09,957 INFO o.a.j.p.h.s.HTTPSamplerBase: Parser for text/xml is org.apache.jmeter.protocol.http.parser.LagartoBasedHtmlParser
2025-04-07 09:49:09,957 INFO o.a.j.p.h.s.HTTPSamplerBase: Parser for text/vnd.wap.wml is org.apache.jmeter.protocol.http.parser.RegexpHTMLParser
2025-04-07 09:49:09,957 INFO o.a.j.p.h.s.HTTPSamplerBase: Parser for text/css is org.apache.jmeter.protocol.http.parser.CssParser
2025-04-07 09:49:09,977 INFO o.a.j.JMeter: Creating summariser <summary>
2025-04-07 09:49:09,988 INFO o.a.j.r.d.ReportGenerator: ReportGenerator will use for Parsing the separator: ','
2025-04-07 09:49:09,988 INFO o.a.j.r.d.ReportGenerator: Will generate report at end of test from  results file: performance/jmeter/results.jtl
2025-04-07 09:49:09,988 INFO o.a.j.r.d.ReportGenerator: Reading report generator properties from: /workspaces/Proiect-Production-Engineering/apache-jmeter-5.6.3/bin/reportgenerator.properties
2025-04-07 09:49:09,989 INFO o.a.j.r.d.ReportGenerator: Merging with JMeter properties
2025-04-07 09:49:09,993 INFO o.a.j.r.c.ReportGeneratorConfiguration: Property 'jmeter.reportgenerator.temp_dir' not found, using default value 'temp' instead.
2025-04-07 09:49:09,996 INFO o.a.j.r.c.ReportGeneratorConfiguration: Property 'jmeter.reportgenerator.apdex_per_transaction' not found, using default value 'null' instead.
2025-04-07 09:49:09,996 INFO o.a.j.r.c.ReportGeneratorConfiguration: apdex_per_transaction is empty, not APDEX per transaction customization
2025-04-07 09:49:09,996 INFO o.a.j.r.c.ReportGeneratorConfiguration: Property 'jmeter.reportgenerator.sample_filter' not found, using default value 'null' instead.
2025-04-07 09:49:09,997 INFO o.a.j.r.c.ReportGeneratorConfiguration: Property 'jmeter.reportgenerator.report_title' not found, using default value 'null' instead.
2025-04-07 09:49:09,997 INFO o.a.j.r.c.ReportGeneratorConfiguration: Property 'jmeter.reportgenerator.start_date' not found, using default value 'null' instead.
2025-04-07 09:49:09,997 INFO o.a.j.r.c.ReportGeneratorConfiguration: Property 'jmeter.reportgenerator.end_date' not found, using default value 'null' instead.
2025-04-07 09:49:09,997 INFO o.a.j.r.c.ReportGeneratorConfiguration: Property 'jmeter.reportgenerator.date_format' not found, using default value 'null' instead.
2025-04-07 09:49:09,997 INFO o.a.j.r.c.ReportGeneratorConfiguration: Will use date range start date: null, end date: null
2025-04-07 09:49:10,004 INFO o.a.j.r.c.ReportGeneratorConfiguration: Property 'jmeter.reportgenerator.graph.totalTPS.exclude_controllers' not found, using default value 'false' instead.
2025-04-07 09:49:10,005 INFO o.a.j.r.c.ReportGeneratorConfiguration: Property 'jmeter.reportgenerator.graph.activeThreadsOverTime.exclude_controllers' not found, using default value 'false' instead.
2025-04-07 09:49:10,005 INFO o.a.j.r.c.ReportGeneratorConfiguration: Property 'jmeter.reportgenerator.graph.timeVsThreads.exclude_controllers' not found, using default value 'false' instead.
2025-04-07 09:49:10,005 INFO o.a.j.r.c.ReportGeneratorConfiguration: Property 'jmeter.reportgenerator.graph.responseTimeDistribution.exclude_controllers' not found, using default value 'false' instead.
2025-04-07 09:49:10,005 INFO o.a.j.r.c.ReportGeneratorConfiguration: Property 'jmeter.reportgenerator.graph.transactionsPerSecond.exclude_controllers' not found, using default value 'false' instead.
2025-04-07 09:49:10,006 INFO o.a.j.r.c.ReportGeneratorConfiguration: Property 'jmeter.reportgenerator.graph.responseTimePercentiles.exclude_controllers' not found, using default value 'false' instead.
2025-04-07 09:49:10,006 INFO o.a.j.r.c.ReportGeneratorConfiguration: Property 'jmeter.reportgenerator.graph.responseTimePercentilesOverTime.exclude_controllers' not found, using default value 'false' instead.
2025-04-07 09:49:10,006 INFO o.a.j.r.c.ReportGeneratorConfiguration: Property 'jmeter.reportgenerator.graph.responseTimesOverTime.exclude_controllers' not found, using default value 'false' instead.
2025-04-07 09:49:10,006 INFO o.a.j.r.c.ReportGeneratorConfiguration: Property 'jmeter.reportgenerator.graph.connectTimeOverTime.exclude_controllers' not found, using default value 'false' instead.
2025-04-07 09:49:10,007 INFO o.a.j.r.c.ReportGeneratorConfiguration: Property 'jmeter.reportgenerator.graph.latenciesOverTime.exclude_controllers' not found, using default value 'false' instead.
2025-04-07 09:49:10,007 INFO o.a.j.r.c.ReportGeneratorConfiguration: Property 'jmeter.reportgenerator.exporter.json.filters_only_sample_series' not found, using default value 'true' instead.
2025-04-07 09:49:10,008 INFO o.a.j.r.c.ReportGeneratorConfiguration: Property 'jmeter.reportgenerator.exporter.json.series_filter' not found, using default value '' instead.
2025-04-07 09:49:10,008 INFO o.a.j.r.c.ReportGeneratorConfiguration: Property 'jmeter.reportgenerator.exporter.json.show_controllers_only' not found, using default value 'false' instead.
2025-04-07 09:49:10,009 INFO o.a.j.r.c.ReportGeneratorConfiguration: Property 'jmeter.reportgenerator.exporter.html.filters_only_sample_series' not found, using default value 'true' instead.
2025-04-07 09:49:10,010 INFO o.a.j.r.c.ReportGeneratorConfiguration: Property 'jmeter.reportgenerator.exporter.html.series_filter' not found, using default value '' instead.
2025-04-07 09:49:10,011 INFO o.a.j.r.c.ReportGeneratorConfiguration: Property 'jmeter.reportgenerator.exporter.html.show_controllers_only' not found, using default value 'false' instead.
2025-04-07 09:49:10,035 INFO o.a.j.e.StandardJMeterEngine: Running the test!
2025-04-07 09:49:10,040 INFO o.a.j.s.SampleEvent: List of sample_variables: []
2025-04-07 09:49:10,041 INFO o.a.j.s.SampleEvent: List of sample_variables: []
2025-04-07 09:49:10,056 INFO o.a.j.e.u.CompoundVariable: Note: Function class names must contain the string: '.functions.'
2025-04-07 09:49:10,056 INFO o.a.j.e.u.CompoundVariable: Note: Function class names must not contain the string: '.gui.'
2025-04-07 09:49:10,147 INFO o.a.j.JMeter: Running test (1744019350147)
2025-04-07 09:49:10,191 INFO o.a.j.e.StandardJMeterEngine: Starting ThreadGroup: 1 : Load Test Users Group
2025-04-07 09:49:10,191 INFO o.a.j.e.StandardJMeterEngine: Starting 1 threads for group Load Test Users Group.
2025-04-07 09:49:10,191 INFO o.a.j.e.StandardJMeterEngine: Thread will continue on error
2025-04-07 09:49:10,192 INFO o.a.j.t.ThreadGroup: Starting thread group... number=1 threads=1 ramp-up=1 delayedStart=false
2025-04-07 09:49:10,199 INFO o.a.j.t.ThreadGroup: Started thread group number 1
2025-04-07 09:49:10,200 INFO o.a.j.e.StandardJMeterEngine: All thread groups have been started
2025-04-07 09:49:10,205 INFO o.a.j.t.JMeterThread: Thread started: Load Test Users Group 1-1
2025-04-07 09:49:10,238 INFO o.a.j.p.h.s.HTTPHCAbstractImpl: Local host = codespaces-f2dfb7
2025-04-07 09:49:10,257 INFO o.a.j.p.h.s.HTTPHC4Impl: HTTP request retry count = 0
2025-04-07 09:49:10,262 INFO o.a.j.s.SampleResult: Note: Sample TimeStamps are START times
2025-04-07 09:49:10,262 INFO o.a.j.s.SampleResult: sampleresult.default.encoding is set to UTF-8
2025-04-07 09:49:10,262 INFO o.a.j.s.SampleResult: sampleresult.useNanoTime=true
2025-04-07 09:49:10,263 INFO o.a.j.s.SampleResult: sampleresult.nanoThreadSleep=5000
2025-04-07 09:49:10,393 INFO o.a.j.t.JMeterThread: Thread is done: Load Test Users Group 1-1
2025-04-07 09:49:10,393 INFO o.a.j.t.JMeterThread: Thread finished: Load Test Users Group 1-1
2025-04-07 09:49:10,394 INFO o.a.j.e.StandardJMeterEngine: Notifying test listeners of end of test
2025-04-07 09:49:10,395 INFO o.a.j.r.Summariser: summary =      5 in 00:00:00 =   20.2/s Avg:    10 Min:     2 Max:    32 Err:     0 (0.00%)
2025-04-07 09:49:10,396 INFO o.a.j.JMeter: Generating Dashboard
2025-04-07 09:49:10,396 INFO o.a.j.r.d.ReportGenerator: Flushing result collector before report Generation
2025-04-07 09:49:10,414 INFO o.a.j.r.p.NormalizerSampleConsumer: Using format, 'ms', to parse timeStamp field
2025-04-07 09:49:10,493 INFO o.a.j.r.p.AbstractSampleConsumer: class org.apache.jmeter.report.processor.AggregateConsumer#stopProducing(): beginDate produced 0 samples
2025-04-07 09:49:10,494 INFO o.a.j.r.p.AbstractSampleConsumer: class org.apache.jmeter.report.processor.AggregateConsumer#stopProducing(): endDate produced 0 samples
2025-04-07 09:49:10,496 INFO o.a.j.r.p.AbstractSampleConsumer: class org.apache.jmeter.report.processor.ApdexSummaryConsumer#stopProducing(): apdexSummary produced 0 samples
2025-04-07 09:49:10,498 INFO o.a.j.r.p.AbstractSampleConsumer: class org.apache.jmeter.report.processor.RequestsSummaryConsumer#stopProducing(): requestsSummary produced 0 samples
2025-04-07 09:49:10,505 INFO o.a.j.r.p.AbstractSampleConsumer: class org.apache.jmeter.report.processor.StatisticsSummaryConsumer#stopProducing(): statisticsSummary produced 0 samples
2025-04-07 09:49:10,508 INFO o.a.j.r.p.AbstractSampleConsumer: class org.apache.jmeter.report.processor.Top5ErrorsBySamplerConsumer#stopProducing(): top5ErrorsBySampler produced 0 samples
2025-04-07 09:49:10,509 INFO o.a.j.r.p.AbstractSampleConsumer: class org.apache.jmeter.report.processor.ErrorsSummaryConsumer#stopProducing(): errorsSummary produced 0 samples
2025-04-07 09:49:10,509 INFO o.a.j.r.p.AbstractSampleConsumer: class org.apache.jmeter.report.processor.graph.impl.HitsPerSecondGraphConsumer#stopProducing(): hitsPerSecond produced 0 samples
2025-04-07 09:49:10,527 INFO o.a.j.r.p.AbstractSampleConsumer: class org.apache.jmeter.report.processor.graph.impl.LatencyVSRequestGraphConsumer#stopProducing(): latencyVsRequest produced 0 samples
2025-04-07 09:49:10,528 INFO o.a.j.r.p.AbstractSampleConsumer: class org.apache.jmeter.report.processor.graph.impl.SyntheticResponseTimeDistributionGraphConsumer#stopProducing(): syntheticResponseTimeDistribution produced 0 samples
2025-04-07 09:49:10,528 INFO o.a.j.r.p.AbstractSampleConsumer: class org.apache.jmeter.report.processor.graph.impl.BytesThroughputGraphConsumer#stopProducing(): bytesThroughputOverTime produced 0 samples
2025-04-07 09:49:10,528 INFO o.a.j.r.p.AbstractSampleConsumer: class org.apache.jmeter.report.processor.graph.impl.CodesPerSecondGraphConsumer#stopProducing(): codesPerSecond produced 0 samples
2025-04-07 09:49:10,533 INFO o.a.j.r.p.AbstractSampleConsumer: class org.apache.jmeter.report.processor.graph.impl.ResponseTimeVSRequestGraphConsumer#stopProducing(): responseTimeVsRequest produced 0 samples
2025-04-07 09:49:10,534 INFO o.a.j.r.p.AbstractSampleConsumer: class org.apache.jmeter.report.processor.FilterConsumer#stopProducing(): startIntervalControlerFilter produced 35 samples
2025-04-07 09:49:10,534 INFO o.a.j.r.p.AbstractSampleConsumer: class org.apache.jmeter.report.processor.graph.impl.TotalTPSGraphConsumer#stopProducing(): totalTPS produced 0 samples
2025-04-07 09:49:10,534 INFO o.a.j.r.p.AbstractSampleConsumer: class org.apache.jmeter.report.processor.graph.impl.ActiveThreadsGraphConsumer#stopProducing(): activeThreadsOverTime produced 0 samples
2025-04-07 09:49:10,535 INFO o.a.j.r.p.AbstractSampleConsumer: class org.apache.jmeter.report.processor.graph.impl.TimeVSThreadGraphConsumer#stopProducing(): timeVsThreads produced 0 samples
2025-04-07 09:49:10,535 INFO o.a.j.r.p.AbstractSampleConsumer: class org.apache.jmeter.report.processor.graph.impl.ResponseTimeDistributionGraphConsumer#stopProducing(): responseTimeDistribution produced 0 samples
2025-04-07 09:49:10,536 INFO o.a.j.r.p.AbstractSampleConsumer: class org.apache.jmeter.report.processor.graph.impl.TransactionsPerSecondGraphConsumer#stopProducing(): transactionsPerSecond produced 0 samples
2025-04-07 09:49:10,536 INFO o.a.j.r.p.AbstractSampleConsumer: class org.apache.jmeter.report.processor.graph.impl.ResponseTimePercentilesGraphConsumer#stopProducing(): responseTimePercentiles produced 0 samples
2025-04-07 09:49:10,539 INFO o.a.j.r.p.AbstractSampleConsumer: class org.apache.jmeter.report.processor.graph.impl.ResponseTimePercentilesOverTimeGraphConsumer#stopProducing(): responseTimePercentilesOverTime produced 0 samples
2025-04-07 09:49:10,539 INFO o.a.j.r.p.AbstractSampleConsumer: class org.apache.jmeter.report.processor.graph.impl.ResponseTimeOverTimeGraphConsumer#stopProducing(): responseTimesOverTime produced 0 samples
2025-04-07 09:49:10,540 INFO o.a.j.r.p.AbstractSampleConsumer: class org.apache.jmeter.report.processor.graph.impl.ConnectTimeOverTimeGraphConsumer#stopProducing(): connectTimeOverTime produced 0 samples
2025-04-07 09:49:10,541 INFO o.a.j.r.p.AbstractSampleConsumer: class org.apache.jmeter.report.processor.graph.impl.LatencyOverTimeGraphConsumer#stopProducing(): latenciesOverTime produced 0 samples
2025-04-07 09:49:10,541 INFO o.a.j.r.p.AbstractSampleConsumer: class org.apache.jmeter.report.processor.FilterConsumer#stopProducing(): nameFilter produced 75 samples
2025-04-07 09:49:10,541 INFO o.a.j.r.p.AbstractSampleConsumer: class org.apache.jmeter.report.processor.FilterConsumer#stopProducing(): dateRangeFilter produced 15 samples
2025-04-07 09:49:10,541 INFO o.a.j.r.p.AbstractSampleConsumer: class org.apache.jmeter.report.processor.NormalizerSampleConsumer#stopProducing(): normalizer produced 5 samples
2025-04-07 09:49:10,541 INFO o.a.j.r.p.CsvFileSampleSource: produce(): 5 samples produced in 80ms on channel 0
2025-04-07 09:49:10,542 INFO o.a.j.r.d.ReportGenerator: Exporting data using exporter:'json' of className:'org.apache.jmeter.report.dashboard.JsonExporter'
2025-04-07 09:49:10,611 INFO o.a.j.r.d.JsonExporter: Found data for consumer statisticsSummary in context
2025-04-07 09:49:10,611 INFO o.a.j.r.d.JsonExporter: Creating statistics for overall
2025-04-07 09:49:10,612 INFO o.a.j.r.d.JsonExporter: Creating statistics for other transactions
2025-04-07 09:49:10,613 INFO o.a.j.r.d.JsonExporter: Checking output folder
2025-04-07 09:49:10,614 INFO o.a.j.r.d.JsonExporter: Writing statistics JSON to /workspaces/Proiect-Production-Engineering/performance/jmeter/report/statistics.json
2025-04-07 09:49:10,702 INFO o.a.j.r.d.ReportGenerator: Exporting data using exporter:'html' of className:'org.apache.jmeter.report.dashboard.HtmlTemplateExporter'
2025-04-07 09:49:10,705 INFO o.a.j.r.d.HtmlTemplateExporter: Will generate dashboard in folder: /workspaces/Proiect-Production-Engineering/performance/jmeter/report
2025-04-07 09:49:10,919 INFO o.a.j.r.d.HtmlTemplateExporter: Report will be generated in: /workspaces/Proiect-Production-Engineering/performance/jmeter/report, creating folder structure
2025-04-07 09:49:10,922 INFO o.a.j.r.d.TemplateVisitor: Copying folder from '/workspaces/Proiect-Production-Engineering/apache-jmeter-5.6.3/bin/report-template' to '/workspaces/Proiect-Production-Engineering/performance/jmeter/report', got message: /workspaces/Proiect-Production-Engineering/performance/jmeter/report, found non empty folder with following content [/workspaces/Proiect-Production-Engineering/performance/jmeter/report/statistics.json], will be ignored
2025-04-07 09:49:11,173 INFO o.a.j.JMeter: Dashboard generated
