2025-04-07 13:38:32,684 INFO o.a.j.u.JMeterUtils: Setting Locale to en_EN
2025-04-07 13:38:32,714 INFO o.a.j.JMeter: Loading user properties from: /workspaces/Proiect-Production-Engineering/apache-jmeter-5.6.3/bin/user.properties
2025-04-07 13:38:32,715 INFO o.a.j.JMeter: Loading system properties from: /workspaces/Proiect-Production-Engineering/apache-jmeter-5.6.3/bin/system.properties
2025-04-07 13:38:32,728 INFO o.a.j.JMeter: Copyright (c) 1998-2024 The Apache Software Foundation
2025-04-07 13:38:32,731 INFO o.a.j.JMeter: Version 5.6.3
2025-04-07 13:38:32,731 INFO o.a.j.JMeter: java.version=21.0.2
2025-04-07 13:38:32,732 INFO o.a.j.JMeter: java.vm.name=OpenJDK 64-Bit Server VM
2025-04-07 13:38:32,732 INFO o.a.j.JMeter: os.name=Linux
2025-04-07 13:38:32,732 INFO o.a.j.JMeter: os.arch=amd64
2025-04-07 13:38:32,733 INFO o.a.j.JMeter: os.version=6.8.0-1021-azure
2025-04-07 13:38:32,733 INFO o.a.j.JMeter: file.encoding=UTF-8
2025-04-07 13:38:32,734 INFO o.a.j.JMeter: java.awt.headless=true
2025-04-07 13:38:32,734 INFO o.a.j.JMeter: Max memory     =1073741824
2025-04-07 13:38:32,734 INFO o.a.j.JMeter: Available Processors =2
2025-04-07 13:38:32,749 INFO o.a.j.JMeter: Default Locale=English (EN)
2025-04-07 13:38:32,751 INFO o.a.j.JMeter: JMeter  Locale=English (EN)
2025-04-07 13:38:32,751 INFO o.a.j.JMeter: JMeterHome=/workspaces/Proiect-Production-Engineering/apache-jmeter-5.6.3
2025-04-07 13:38:32,752 INFO o.a.j.JMeter: user.dir  =/workspaces/Proiect-Production-Engineering/apache-jmeter-5.6.3
2025-04-07 13:38:32,752 INFO o.a.j.JMeter: PWD       =/workspaces/Proiect-Production-Engineering/apache-jmeter-5.6.3
2025-04-07 13:38:32,753 INFO o.a.j.JMeter: IP: 127.0.0.1 Name: codespaces-691a57 FullName: localhost
2025-04-07 13:38:32,775 INFO o.a.j.JMeter: Setting property 'jmeter.reportgenerator.outputdir' to:'/workspaces/Proiect-Production-Engineering/apache-jmeter-5.6.3/report'
2025-04-07 13:38:32,778 INFO o.a.j.s.FileServer: Default base='/workspaces/Proiect-Production-Engineering/apache-jmeter-5.6.3'
2025-04-07 13:38:32,780 INFO o.a.j.s.FileServer: Set new base='/workspaces/Proiect-Production-Engineering/apache-jmeter-5.6.3'
2025-04-07 13:38:33,077 INFO o.a.j.s.SaveService: Testplan (JMX) version: 2.2. Testlog (JTL) version: 2.2
2025-04-07 13:38:33,121 INFO o.a.j.s.SaveService: Using SaveService properties version 5.0
2025-04-07 13:38:33,125 INFO o.a.j.s.SaveService: Using SaveService properties file encoding UTF-8
2025-04-07 13:38:33,144 INFO o.a.j.s.SaveService: Loading file: proprietar-performance-test.jmx
2025-04-07 13:38:33,262 INFO o.a.j.p.h.s.HTTPSamplerBase: Parser for text/html is org.apache.jmeter.protocol.http.parser.LagartoBasedHtmlParser
2025-04-07 13:38:33,262 INFO o.a.j.p.h.s.HTTPSamplerBase: Parser for application/xhtml+xml is org.apache.jmeter.protocol.http.parser.LagartoBasedHtmlParser
2025-04-07 13:38:33,262 INFO o.a.j.p.h.s.HTTPSamplerBase: Parser for application/xml is org.apache.jmeter.protocol.http.parser.LagartoBasedHtmlParser
2025-04-07 13:38:33,263 INFO o.a.j.p.h.s.HTTPSamplerBase: Parser for text/xml is org.apache.jmeter.protocol.http.parser.LagartoBasedHtmlParser
2025-04-07 13:38:33,263 INFO o.a.j.p.h.s.HTTPSamplerBase: Parser for text/vnd.wap.wml is org.apache.jmeter.protocol.http.parser.RegexpHTMLParser
2025-04-07 13:38:33,263 INFO o.a.j.p.h.s.HTTPSamplerBase: Parser for text/css is org.apache.jmeter.protocol.http.parser.CssParser
2025-04-07 13:38:33,291 INFO o.a.j.JMeter: Creating summariser <summary>
2025-04-07 13:38:33,308 INFO o.a.j.r.d.ReportGenerator: ReportGenerator will use for Parsing the separator: ','
2025-04-07 13:38:33,308 INFO o.a.j.r.d.ReportGenerator: Will generate report at end of test from  results file: results.jtl
2025-04-07 13:38:33,308 INFO o.a.j.r.d.ReportGenerator: Reading report generator properties from: /workspaces/Proiect-Production-Engineering/apache-jmeter-5.6.3/bin/reportgenerator.properties
2025-04-07 13:38:33,311 INFO o.a.j.r.d.ReportGenerator: Merging with JMeter properties
2025-04-07 13:38:33,318 INFO o.a.j.r.c.ReportGeneratorConfiguration: Property 'jmeter.reportgenerator.temp_dir' not found, using default value 'temp' instead.
2025-04-07 13:38:33,321 INFO o.a.j.r.c.ReportGeneratorConfiguration: Property 'jmeter.reportgenerator.apdex_per_transaction' not found, using default value 'null' instead.
2025-04-07 13:38:33,321 INFO o.a.j.r.c.ReportGeneratorConfiguration: apdex_per_transaction is empty, not APDEX per transaction customization
2025-04-07 13:38:33,321 INFO o.a.j.r.c.ReportGeneratorConfiguration: Property 'jmeter.reportgenerator.sample_filter' not found, using default value 'null' instead.
2025-04-07 13:38:33,322 INFO o.a.j.r.c.ReportGeneratorConfiguration: Property 'jmeter.reportgenerator.report_title' not found, using default value 'null' instead.
2025-04-07 13:38:33,322 INFO o.a.j.r.c.ReportGeneratorConfiguration: Property 'jmeter.reportgenerator.start_date' not found, using default value 'null' instead.
2025-04-07 13:38:33,322 INFO o.a.j.r.c.ReportGeneratorConfiguration: Property 'jmeter.reportgenerator.end_date' not found, using default value 'null' instead.
2025-04-07 13:38:33,322 INFO o.a.j.r.c.ReportGeneratorConfiguration: Property 'jmeter.reportgenerator.date_format' not found, using default value 'null' instead.
2025-04-07 13:38:33,322 INFO o.a.j.r.c.ReportGeneratorConfiguration: Will use date range start date: null, end date: null
2025-04-07 13:38:33,329 INFO o.a.j.r.c.ReportGeneratorConfiguration: Property 'jmeter.reportgenerator.graph.totalTPS.exclude_controllers' not found, using default value 'false' instead.
2025-04-07 13:38:33,329 INFO o.a.j.r.c.ReportGeneratorConfiguration: Property 'jmeter.reportgenerator.graph.activeThreadsOverTime.exclude_controllers' not found, using default value 'false' instead.
2025-04-07 13:38:33,329 INFO o.a.j.r.c.ReportGeneratorConfiguration: Property 'jmeter.reportgenerator.graph.timeVsThreads.exclude_controllers' not found, using default value 'false' instead.
2025-04-07 13:38:33,329 INFO o.a.j.r.c.ReportGeneratorConfiguration: Property 'jmeter.reportgenerator.graph.responseTimeDistribution.exclude_controllers' not found, using default value 'false' instead.
2025-04-07 13:38:33,330 INFO o.a.j.r.c.ReportGeneratorConfiguration: Property 'jmeter.reportgenerator.graph.transactionsPerSecond.exclude_controllers' not found, using default value 'false' instead.
2025-04-07 13:38:33,330 INFO o.a.j.r.c.ReportGeneratorConfiguration: Property 'jmeter.reportgenerator.graph.responseTimePercentiles.exclude_controllers' not found, using default value 'false' instead.
2025-04-07 13:38:33,330 INFO o.a.j.r.c.ReportGeneratorConfiguration: Property 'jmeter.reportgenerator.graph.responseTimePercentilesOverTime.exclude_controllers' not found, using default value 'false' instead.
2025-04-07 13:38:33,330 INFO o.a.j.r.c.ReportGeneratorConfiguration: Property 'jmeter.reportgenerator.graph.responseTimesOverTime.exclude_controllers' not found, using default value 'false' instead.
2025-04-07 13:38:33,330 INFO o.a.j.r.c.ReportGeneratorConfiguration: Property 'jmeter.reportgenerator.graph.connectTimeOverTime.exclude_controllers' not found, using default value 'false' instead.
2025-04-07 13:38:33,331 INFO o.a.j.r.c.ReportGeneratorConfiguration: Property 'jmeter.reportgenerator.graph.latenciesOverTime.exclude_controllers' not found, using default value 'false' instead.
2025-04-07 13:38:33,331 INFO o.a.j.r.c.ReportGeneratorConfiguration: Property 'jmeter.reportgenerator.exporter.json.filters_only_sample_series' not found, using default value 'true' instead.
2025-04-07 13:38:33,332 INFO o.a.j.r.c.ReportGeneratorConfiguration: Property 'jmeter.reportgenerator.exporter.json.series_filter' not found, using default value '' instead.
2025-04-07 13:38:33,332 INFO o.a.j.r.c.ReportGeneratorConfiguration: Property 'jmeter.reportgenerator.exporter.json.show_controllers_only' not found, using default value 'false' instead.
2025-04-07 13:38:33,332 INFO o.a.j.r.c.ReportGeneratorConfiguration: Property 'jmeter.reportgenerator.exporter.html.filters_only_sample_series' not found, using default value 'true' instead.
2025-04-07 13:38:33,332 INFO o.a.j.r.c.ReportGeneratorConfiguration: Property 'jmeter.reportgenerator.exporter.html.series_filter' not found, using default value '' instead.
2025-04-07 13:38:33,332 INFO o.a.j.r.c.ReportGeneratorConfiguration: Property 'jmeter.reportgenerator.exporter.html.show_controllers_only' not found, using default value 'false' instead.
2025-04-07 13:38:33,349 INFO o.a.j.e.StandardJMeterEngine: Running the test!
2025-04-07 13:38:33,350 INFO o.a.j.s.SampleEvent: List of sample_variables: []
2025-04-07 13:38:33,352 INFO o.a.j.s.SampleEvent: List of sample_variables: []
2025-04-07 13:38:33,360 INFO o.a.j.e.u.CompoundVariable: Note: Function class names must contain the string: '.functions.'
2025-04-07 13:38:33,361 INFO o.a.j.e.u.CompoundVariable: Note: Function class names must not contain the string: '.gui.'
2025-04-07 13:38:33,518 INFO o.a.j.JMeter: Running test (1744033113518)
2025-04-07 13:38:33,559 INFO o.a.j.e.StandardJMeterEngine: Starting ThreadGroup: 1 : Load Test Users Group
2025-04-07 13:38:33,559 INFO o.a.j.e.StandardJMeterEngine: Starting 1 threads for group Load Test Users Group.
2025-04-07 13:38:33,559 INFO o.a.j.e.StandardJMeterEngine: Thread will continue on error
2025-04-07 13:38:33,560 INFO o.a.j.t.ThreadGroup: Starting thread group... number=1 threads=1 ramp-up=1 delayedStart=false
2025-04-07 13:38:33,565 INFO o.a.j.t.ThreadGroup: Started thread group number 1
2025-04-07 13:38:33,565 INFO o.a.j.e.StandardJMeterEngine: All thread groups have been started
2025-04-07 13:38:33,569 INFO o.a.j.t.JMeterThread: Thread started: Load Test Users Group 1-1
2025-04-07 13:38:33,601 INFO o.a.j.p.h.s.HTTPHCAbstractImpl: Local host = codespaces-691a57
2025-04-07 13:38:33,622 INFO o.a.j.p.h.s.HTTPHC4Impl: HTTP request retry count = 0
2025-04-07 13:38:33,624 INFO o.a.j.s.SampleResult: Note: Sample TimeStamps are START times
2025-04-07 13:38:33,624 INFO o.a.j.s.SampleResult: sampleresult.default.encoding is set to UTF-8
2025-04-07 13:38:33,624 INFO o.a.j.s.SampleResult: sampleresult.useNanoTime=true
2025-04-07 13:38:33,624 INFO o.a.j.s.SampleResult: sampleresult.nanoThreadSleep=5000
2025-04-07 13:38:33,825 INFO o.a.j.r.Summariser: summary +      1 in 00:00:00 =    3.3/s Avg:   109 Min:   109 Max:   109 Err:     1 (100.00%) Active: 1 Started: 1 Finished: 0
2025-04-07 13:38:33,926 INFO o.a.j.t.JMeterThread: Thread is done: Load Test Users Group 1-1
2025-04-07 13:38:33,926 INFO o.a.j.t.JMeterThread: Thread finished: Load Test Users Group 1-1
2025-04-07 13:38:33,929 INFO o.a.j.e.StandardJMeterEngine: Notifying test listeners of end of test
2025-04-07 13:38:33,929 INFO o.a.j.r.Summariser: summary +      4 in 00:00:00 =   37.7/s Avg:    24 Min:     8 Max:    51 Err:     3 (75.00%) Active: 0 Started: 1 Finished: 1
2025-04-07 13:38:33,930 INFO o.a.j.r.Summariser: summary =      5 in 00:00:00 =   12.1/s Avg:    41 Min:     8 Max:   109 Err:     4 (80.00%)
2025-04-07 13:38:33,931 INFO o.a.j.JMeter: Generating Dashboard
2025-04-07 13:38:33,931 INFO o.a.j.r.d.ReportGenerator: Flushing result collector before report Generation
2025-04-07 13:38:33,941 INFO o.a.j.r.p.NormalizerSampleConsumer: Using format, 'ms', to parse timeStamp field
2025-04-07 13:38:34,061 INFO o.a.j.r.p.AbstractSampleConsumer: class org.apache.jmeter.report.processor.AggregateConsumer#stopProducing(): beginDate produced 0 samples
2025-04-07 13:38:34,061 INFO o.a.j.r.p.AbstractSampleConsumer: class org.apache.jmeter.report.processor.AggregateConsumer#stopProducing(): endDate produced 0 samples
2025-04-07 13:38:34,065 INFO o.a.j.r.p.AbstractSampleConsumer: class org.apache.jmeter.report.processor.ApdexSummaryConsumer#stopProducing(): apdexSummary produced 0 samples
2025-04-07 13:38:34,065 INFO o.a.j.r.p.AbstractSampleConsumer: class org.apache.jmeter.report.processor.RequestsSummaryConsumer#stopProducing(): requestsSummary produced 0 samples
2025-04-07 13:38:34,083 INFO o.a.j.r.p.AbstractSampleConsumer: class org.apache.jmeter.report.processor.StatisticsSummaryConsumer#stopProducing(): statisticsSummary produced 0 samples
2025-04-07 13:38:34,090 INFO o.a.j.r.p.AbstractSampleConsumer: class org.apache.jmeter.report.processor.Top5ErrorsBySamplerConsumer#stopProducing(): top5ErrorsBySampler produced 0 samples
2025-04-07 13:38:34,090 INFO o.a.j.r.p.AbstractSampleConsumer: class org.apache.jmeter.report.processor.ErrorsSummaryConsumer#stopProducing(): errorsSummary produced 0 samples
2025-04-07 13:38:34,090 INFO o.a.j.r.p.AbstractSampleConsumer: class org.apache.jmeter.report.processor.graph.impl.HitsPerSecondGraphConsumer#stopProducing(): hitsPerSecond produced 0 samples
2025-04-07 13:38:34,104 INFO o.a.j.r.p.AbstractSampleConsumer: class org.apache.jmeter.report.processor.graph.impl.LatencyVSRequestGraphConsumer#stopProducing(): latencyVsRequest produced 0 samples
2025-04-07 13:38:34,104 INFO o.a.j.r.p.AbstractSampleConsumer: class org.apache.jmeter.report.processor.graph.impl.SyntheticResponseTimeDistributionGraphConsumer#stopProducing(): syntheticResponseTimeDistribution produced 0 samples
2025-04-07 13:38:34,105 INFO o.a.j.r.p.AbstractSampleConsumer: class org.apache.jmeter.report.processor.graph.impl.BytesThroughputGraphConsumer#stopProducing(): bytesThroughputOverTime produced 0 samples
2025-04-07 13:38:34,105 INFO o.a.j.r.p.AbstractSampleConsumer: class org.apache.jmeter.report.processor.graph.impl.CodesPerSecondGraphConsumer#stopProducing(): codesPerSecond produced 0 samples
2025-04-07 13:38:34,109 INFO o.a.j.r.p.AbstractSampleConsumer: class org.apache.jmeter.report.processor.graph.impl.ResponseTimeVSRequestGraphConsumer#stopProducing(): responseTimeVsRequest produced 0 samples
2025-04-07 13:38:34,109 INFO o.a.j.r.p.AbstractSampleConsumer: class org.apache.jmeter.report.processor.FilterConsumer#stopProducing(): startIntervalControlerFilter produced 35 samples
2025-04-07 13:38:34,109 INFO o.a.j.r.p.AbstractSampleConsumer: class org.apache.jmeter.report.processor.graph.impl.TotalTPSGraphConsumer#stopProducing(): totalTPS produced 0 samples
2025-04-07 13:38:34,110 INFO o.a.j.r.p.AbstractSampleConsumer: class org.apache.jmeter.report.processor.graph.impl.ActiveThreadsGraphConsumer#stopProducing(): activeThreadsOverTime produced 0 samples
2025-04-07 13:38:34,110 INFO o.a.j.r.p.AbstractSampleConsumer: class org.apache.jmeter.report.processor.graph.impl.TimeVSThreadGraphConsumer#stopProducing(): timeVsThreads produced 0 samples
2025-04-07 13:38:34,111 INFO o.a.j.r.p.AbstractSampleConsumer: class org.apache.jmeter.report.processor.graph.impl.ResponseTimeDistributionGraphConsumer#stopProducing(): responseTimeDistribution produced 0 samples
2025-04-07 13:38:34,111 INFO o.a.j.r.p.AbstractSampleConsumer: class org.apache.jmeter.report.processor.graph.impl.TransactionsPerSecondGraphConsumer#stopProducing(): transactionsPerSecond produced 0 samples
2025-04-07 13:38:34,111 INFO o.a.j.r.p.AbstractSampleConsumer: class org.apache.jmeter.report.processor.graph.impl.ResponseTimePercentilesGraphConsumer#stopProducing(): responseTimePercentiles produced 0 samples
2025-04-07 13:38:34,118 INFO o.a.j.r.p.AbstractSampleConsumer: class org.apache.jmeter.report.processor.graph.impl.ResponseTimePercentilesOverTimeGraphConsumer#stopProducing(): responseTimePercentilesOverTime produced 0 samples
2025-04-07 13:38:34,118 INFO o.a.j.r.p.AbstractSampleConsumer: class org.apache.jmeter.report.processor.graph.impl.ResponseTimeOverTimeGraphConsumer#stopProducing(): responseTimesOverTime produced 0 samples
2025-04-07 13:38:34,118 INFO o.a.j.r.p.AbstractSampleConsumer: class org.apache.jmeter.report.processor.graph.impl.ConnectTimeOverTimeGraphConsumer#stopProducing(): connectTimeOverTime produced 0 samples
2025-04-07 13:38:34,118 INFO o.a.j.r.p.AbstractSampleConsumer: class org.apache.jmeter.report.processor.graph.impl.LatencyOverTimeGraphConsumer#stopProducing(): latenciesOverTime produced 0 samples
2025-04-07 13:38:34,118 INFO o.a.j.r.p.AbstractSampleConsumer: class org.apache.jmeter.report.processor.FilterConsumer#stopProducing(): nameFilter produced 75 samples
2025-04-07 13:38:34,118 INFO o.a.j.r.p.AbstractSampleConsumer: class org.apache.jmeter.report.processor.FilterConsumer#stopProducing(): dateRangeFilter produced 15 samples
2025-04-07 13:38:34,119 INFO o.a.j.r.p.AbstractSampleConsumer: class org.apache.jmeter.report.processor.NormalizerSampleConsumer#stopProducing(): normalizer produced 5 samples
2025-04-07 13:38:34,119 INFO o.a.j.r.p.CsvFileSampleSource: produce(): 5 samples produced in 140ms on channel 0
2025-04-07 13:38:34,122 INFO o.a.j.r.d.ReportGenerator: Exporting data using exporter:'json' of className:'org.apache.jmeter.report.dashboard.JsonExporter'
2025-04-07 13:38:34,302 INFO o.a.j.r.d.JsonExporter: Found data for consumer statisticsSummary in context
2025-04-07 13:38:34,305 INFO o.a.j.r.d.JsonExporter: Creating statistics for overall
2025-04-07 13:38:34,306 INFO o.a.j.r.d.JsonExporter: Creating statistics for other transactions
2025-04-07 13:38:34,307 INFO o.a.j.r.d.JsonExporter: Checking output folder
2025-04-07 13:38:34,308 INFO o.a.j.r.d.JsonExporter: Writing statistics JSON to /workspaces/Proiect-Production-Engineering/apache-jmeter-5.6.3/report/statistics.json
2025-04-07 13:38:34,419 INFO o.a.j.r.d.ReportGenerator: Exporting data using exporter:'html' of className:'org.apache.jmeter.report.dashboard.HtmlTemplateExporter'
2025-04-07 13:38:34,423 INFO o.a.j.r.d.HtmlTemplateExporter: Will generate dashboard in folder: /workspaces/Proiect-Production-Engineering/apache-jmeter-5.6.3/report
2025-04-07 13:38:34,735 INFO o.a.j.r.d.HtmlTemplateExporter: Report will be generated in: /workspaces/Proiect-Production-Engineering/apache-jmeter-5.6.3/report, creating folder structure
2025-04-07 13:38:34,740 INFO o.a.j.r.d.TemplateVisitor: Copying folder from '/workspaces/Proiect-Production-Engineering/apache-jmeter-5.6.3/bin/report-template' to '/workspaces/Proiect-Production-Engineering/apache-jmeter-5.6.3/report', got message: /workspaces/Proiect-Production-Engineering/apache-jmeter-5.6.3/report, found non empty folder with following content [/workspaces/Proiect-Production-Engineering/apache-jmeter-5.6.3/report/statistics.json], will be ignored
2025-04-07 13:38:35,123 INFO o.a.j.JMeter: Dashboard generated
